<?xml version="1.0" encoding="UTF-8"?>
<!-- Generated by org.testng.reporters.JUnitReportReporter -->
<testsuite hostname="A-R" name="HotelBookingTest" tests="1" failures="0" timestamp="4 Jun 2019 16:28:29 GMT" time="41.673" errors="0">
  <testcase name="shouldBeAbleToSearchForHotels" time="41.673" classname="HotelBookingTest"/>
</testsuite> <!-- HotelBookingTest -->
