<?xml version="1.0" encoding="UTF-8"?>
<!-- Generated by org.testng.reporters.JUnitReportReporter -->
<testsuite hostname="A-R" name="TestcasePackage.FlightBookingTest" tests="1" failures="0" timestamp="13 Sep 2019 03:11:31 GMT" time="50.530" errors="0">
  <testcase name="testThatResultsAppearForAOneWayJourney" time="50.530" classname="TestcasePackage.FlightBookingTest"/>
</testsuite> <!-- TestcasePackage.FlightBookingTest -->
