<?xml version="1.0" encoding="UTF-8"?>
<!-- Generated by org.testng.reporters.JUnitReportReporter -->
<testsuite hostname="A-R" name="SignInTest" tests="1" failures="0" timestamp="4 Jun 2019 10:44:53 GMT" time="91.628" errors="0">
  <testcase name="shouldThrowAnErrorIfSignInDetailsAreMissing" time="91.628" classname="SignInTest"/>
</testsuite> <!-- SignInTest -->
