<?xml version="1.0" encoding="UTF-8"?>
<!-- Generated by org.testng.reporters.JUnitReportReporter -->
<testsuite hostname="A-R" name="TestcasePackage.HotelBookingTest" tests="1" failures="0" timestamp="13 Sep 2019 03:11:31 GMT" time="60.151" errors="0">
  <testcase name="shouldBeAbleToSearchForHotels" time="60.151" classname="TestcasePackage.HotelBookingTest"/>
</testsuite> <!-- TestcasePackage.HotelBookingTest -->
